<?xml version="1.0" encoding="UTF-8"?>
<testng-results skipped="0" failed="0" ignored="0" total="1" passed="1">
  <reporter-output>
  </reporter-output>
  <suite name="Suite" duration-ms="26302" started-at="2019-05-22T07:19:26Z" finished-at="2019-05-22T07:19:52Z">
    <groups>
    </groups>
    <test name="Test" duration-ms="26302" started-at="2019-05-22T07:19:26Z" finished-at="2019-05-22T07:19:52Z">
      <class name="basicTests.calendar">
        <test-method status="PASS" signature="select_date()[pri:0, instance:basicTests.calendar@5a61f5df]" name="select_date" duration-ms="26280" started-at="2019-05-22T07:19:26Z" finished-at="2019-05-22T07:19:52Z">
          <reporter-output>
          </reporter-output>
        </test-method> <!-- select_date -->
      </class> <!-- basicTests.calendar -->
    </test> <!-- Test -->
  </suite> <!-- Suite -->
</testng-results>
